\BOOKMARK [0][-]{chapter*.6}{Abbreviations}{}% 1
\BOOKMARK [0][-]{chapter.1}{Introduction}{}% 2
\BOOKMARK [0][-]{chapter.2}{Theory}{}% 3
\BOOKMARK [1][-]{section.2.1}{Camera Calibration in OpenCV}{chapter.2}% 4
\BOOKMARK [2][-]{subsection.2.1.1}{The pinhole camera model}{section.2.1}% 5
\BOOKMARK [2][-]{subsection.2.1.2}{The distortion model in OpenCV}{section.2.1}% 6
\BOOKMARK [2][-]{subsection.2.1.3}{Reprojection error}{section.2.1}% 7
\BOOKMARK [2][-]{subsection.2.1.4}{Error propagation as further quality assessment}{section.2.1}% 8
\BOOKMARK [1][-]{section.2.2}{Measurement with back-light illumination}{chapter.2}% 9
\BOOKMARK [2][-]{subsection.2.2.1}{Light source}{section.2.2}% 10
\BOOKMARK [2][-]{subsection.2.2.2}{Light ray distribution}{section.2.2}% 11
\BOOKMARK [2][-]{subsection.2.2.3}{Light properties}{section.2.2}% 12
\BOOKMARK [2][-]{subsection.2.2.4}{Measurement precision changes}{section.2.2}% 13
\BOOKMARK [2][-]{subsection.2.2.5}{Image sensor properties}{section.2.2}% 14
\BOOKMARK [0][-]{chapter.3}{Development}{}% 15
\BOOKMARK [1][-]{section.3.1}{Calibration}{chapter.3}% 16
\BOOKMARK [1][-]{section.3.2}{Software}{chapter.3}% 17
\BOOKMARK [1][-]{section.3.3}{Hardware}{chapter.3}% 18
\BOOKMARK [2][-]{subsection.3.3.1}{Demonstrator}{section.3.3}% 19
\BOOKMARK [2][-]{subsection.3.3.2}{Back-light}{section.3.3}% 20
\BOOKMARK [2][-]{subsection.3.3.3}{Diffusion}{section.3.3}% 21
\BOOKMARK [2][-]{subsection.3.3.4}{Computer}{section.3.3}% 22
\BOOKMARK [2][-]{subsection.3.3.5}{Camera}{section.3.3}% 23
\BOOKMARK [2][-]{subsection.3.3.6}{Production cost}{section.3.3}% 24
\BOOKMARK [0][-]{chapter.4}{Results}{}% 25
\BOOKMARK [0][-]{chapter.5}{Conclusion}{}% 26
\BOOKMARK [0][-]{chapter*.11}{References}{}% 27
\BOOKMARK [0][-]{chapter*.11}{List of figures}{}% 28
\BOOKMARK [0][-]{chapter*.12}{List of tables}{}% 29
\BOOKMARK [0][-]{chapter*.13}{Statement of Plagiarisms}{}% 30
\BOOKMARK [0][-]{appendix.A}{Requirements}{}% 31
\BOOKMARK [1][-]{section.A.1}{Assignment}{appendix.A}% 32
\BOOKMARK [1][-]{section.A.2}{Requirement Specification}{appendix.A}% 33
