Removed Pin From Net: NetName=VCC Pin=P18-1
Removed Pin From Net: NetName=NetP2_1 Pin=R12-1
Removed Pin From Net: NetName=NetP4_1 Pin=R24-1
Added Component: Designator=D37(DIOM3528X07N)
Add component (AddParameter): Name = "LatestRevisionDate"; Value = "08-Jul-2005"; VariantName = "[No Variations]"
Add component (AddParameter): Name = "LatestRevisionNote"; Value = "Mech Layer 1 removed."; VariantName = "[No Variations]"
Add component (AddParameter): Name = "PackageDescription"; Value = "LED; 2 Leads"; VariantName = "[No Variations]"
Add component (AddParameter): Name = "PackageReference"; Value = "LED-0"; VariantName = "[No Variations]"
Add component (AddParameter): Name = "Published"; Value = "8-Jun-2000"; VariantName = "[No Variations]"
Add component (AddParameter): Name = "Publisher"; Value = "Altium Limited"; VariantName = "[No Variations]"
Added Component: Designator=D38(DIOM3528X07N)
Add component (AddParameter): Name = "LatestRevisionDate"; Value = "08-Jul-2005"; VariantName = "[No Variations]"
Add component (AddParameter): Name = "LatestRevisionNote"; Value = "Mech Layer 1 removed."; VariantName = "[No Variations]"
Add component (AddParameter): Name = "PackageDescription"; Value = "LED; 2 Leads"; VariantName = "[No Variations]"
Add component (AddParameter): Name = "PackageReference"; Value = "LED-0"; VariantName = "[No Variations]"
Add component (AddParameter): Name = "Published"; Value = "8-Jun-2000"; VariantName = "[No Variations]"
Add component (AddParameter): Name = "Publisher"; Value = "Altium Limited"; VariantName = "[No Variations]"
Added Component: Designator=D39(DIOM3528X07N)
Add component (AddParameter): Name = "LatestRevisionDate"; Value = "08-Jul-2005"; VariantName = "[No Variations]"
Add component (AddParameter): Name = "LatestRevisionNote"; Value = "Mech Layer 1 removed."; VariantName = "[No Variations]"
Add component (AddParameter): Name = "PackageDescription"; Value = "LED; 2 Leads"; VariantName = "[No Variations]"
Add component (AddParameter): Name = "PackageReference"; Value = "LED-0"; VariantName = "[No Variations]"
Add component (AddParameter): Name = "Published"; Value = "8-Jun-2000"; VariantName = "[No Variations]"
Add component (AddParameter): Name = "Publisher"; Value = "Altium Limited"; VariantName = "[No Variations]"
Added Component: Designator=R37(6-0805_N)
Add component (AddParameter): Name = "LatestRevisionDate"; Value = "17-Jul-2002"; VariantName = "[No Variations]"
Add component (AddParameter): Name = "LatestRevisionNote"; Value = "Re-released for DXP Platform."; VariantName = "[No Variations]"
Add component (AddParameter): Name = "PackageDescription"; Value = "Axial Device, Thru-Hole; 2 Leads; 0.4 in Pin Spacing"; VariantName = "[No Variations]"
Add component (AddParameter): Name = "PackageReference"; Value = "AXIAL-0.4"; VariantName = "[No Variations]"
Add component (AddParameter): Name = "Published"; Value = "8-Jun-2000"; VariantName = "[No Variations]"
Add component (AddParameter): Name = "Publisher"; Value = "Altium Limited"; VariantName = "[No Variations]"
Add component (AddParameter): Name = "Value"; Value = "100"; VariantName = "[No Variations]"
Added Component: Designator=R38(6-0805_N)
Add component (AddParameter): Name = "LatestRevisionDate"; Value = "17-Jul-2002"; VariantName = "[No Variations]"
Add component (AddParameter): Name = "LatestRevisionNote"; Value = "Re-released for DXP Platform."; VariantName = "[No Variations]"
Add component (AddParameter): Name = "PackageDescription"; Value = "Axial Device, Thru-Hole; 2 Leads; 0.4 in Pin Spacing"; VariantName = "[No Variations]"
Add component (AddParameter): Name = "PackageReference"; Value = "AXIAL-0.4"; VariantName = "[No Variations]"
Add component (AddParameter): Name = "Published"; Value = "8-Jun-2000"; VariantName = "[No Variations]"
Add component (AddParameter): Name = "Publisher"; Value = "Altium Limited"; VariantName = "[No Variations]"
Add component (AddParameter): Name = "Value"; Value = "100"; VariantName = "[No Variations]"
Added Component: Designator=R39(6-0805_N)
Add component (AddParameter): Name = "LatestRevisionDate"; Value = "17-Jul-2002"; VariantName = "[No Variations]"
Add component (AddParameter): Name = "LatestRevisionNote"; Value = "Re-released for DXP Platform."; VariantName = "[No Variations]"
Add component (AddParameter): Name = "PackageDescription"; Value = "Axial Device, Thru-Hole; 2 Leads; 0.4 in Pin Spacing"; VariantName = "[No Variations]"
Add component (AddParameter): Name = "PackageReference"; Value = "AXIAL-0.4"; VariantName = "[No Variations]"
Add component (AddParameter): Name = "Published"; Value = "8-Jun-2000"; VariantName = "[No Variations]"
Add component (AddParameter): Name = "Publisher"; Value = "Altium Limited"; VariantName = "[No Variations]"
Add component (AddParameter): Name = "Value"; Value = "100"; VariantName = "[No Variations]"
Added Pin To Net: NetName=Hex1 Pin=D12-1
Added Pin To Net: NetName=Hex2 Pin=D24-1
Added Pin To Net: NetName=Hex3 Pin=D37-1
Added Pin To Net: NetName=Hex4 Pin=D38-1
Added Pin To Net: NetName=Hex5 Pin=D39-1
Added Pin To Net: NetName=GND Pin=P18-2
Added Pin To Net: NetName=NetD37_2 Pin=D37-2
Added Pin To Net: NetName=NetD37_2 Pin=R37-2
Added Net: Name=NetD37_2
Added Pin To Net: NetName=NetD38_2 Pin=D38-2
Added Pin To Net: NetName=NetD38_2 Pin=R38-2
Added Net: Name=NetD38_2
Added Pin To Net: NetName=NetD39_2 Pin=D39-2
Added Pin To Net: NetName=NetD39_2 Pin=R39-2
Added Net: Name=NetD39_2
Added Pin To Net: NetName=NetP18_1 Pin=P18-1
Added Pin To Net: NetName=NetP18_1 Pin=R12-1
Added Pin To Net: NetName=NetP18_1 Pin=R24-1
Added Pin To Net: NetName=NetP18_1 Pin=R37-1
Added Pin To Net: NetName=NetP18_1 Pin=R38-1
Added Pin To Net: NetName=NetP18_1 Pin=R39-1
Added Net: Name=NetP18_1
Added Member To Class: ClassName=Backlight_V2 Member=Component D37 LED0
Added Member To Class: ClassName=Backlight_V2 Member=Component D38 LED0
Added Member To Class: ClassName=Backlight_V2 Member=Component D39 LED0
Added Member To Class: ClassName=Backlight_V2 Member=Component R37 Res2
Added Member To Class: ClassName=Backlight_V2 Member=Component R38 Res2
Added Member To Class: ClassName=Backlight_V2 Member=Component R39 Res2
